<?xml version="1.0" encoding="UTF-8"?>
<!-- Generated by org.testng.reporters.JUnitReportReporter -->
<testsuite hostname="ojt16-PC" name="driverScript.NewTest" tests="1" failures="0" timestamp="7 Feb 2020 06:01:19 GMT" time="113.414" errors="0">
  <testcase name="f" time="113.414" classname="driverScript.NewTest"/>
</testsuite> <!-- driverScript.NewTest -->
